<component name="libraryTable">
  <library name="junit:junit:4.12-beta-2" type="repository">
    <properties maven-id="junit:junit:4.12-beta-2" />
    <CLASSES>
      <root url="jar://$MAVEN_REPOSITORY$/junit/junit/4.12-beta-2/junit-4.12-beta-2.jar!/" />
      <root url="jar://$MAVEN_REPOSITORY$/org/hamcrest/hamcrest-core/1.3/hamcrest-core-1.3.jar!/" />
      <root url="jar://$PROJECT_DIR$/scripts/jtds-1.3.1.jar!/" />
    </CLASSES>
    <JAVADOC />
    <SOURCES />
  </library>
</component>